<?xml version="1.0" encoding="utf-8"?><testsuites><testsuite name="pytest" errors="0" failures="0" skipped="2" tests="3" time="1.776" timestamp="2024-10-03T15:33:42.714255+00:00" hostname="biobb-runners"><testcase classname="biobb_template.test.unitests.test_template.test_template.TestTemplate" name="test_template" time="1.424" /><testcase classname="biobb_template.test.unitests.test_template.test_template_container.TestTemplateDocker" name="test_template_docker" time="0.000"><skipped type="pytest.skip" message="skip containers when testing">/home/user/actions-runner/_work/biobb_template/biobb_template/biobb_template/test/unitests/test_template/test_template_container.py:15: skip containers when testing</skipped></testcase><testcase classname="biobb_template.test.unitests.test_template.test_template_container.TestTemplateSingularity" name="test_template_singularity" time="0.001"><skipped type="pytest.skip" message="skip containers when testing">/home/user/actions-runner/_work/biobb_template/biobb_template/biobb_template/test/unitests/test_template/test_template_container.py:31: skip containers when testing</skipped></testcase></testsuite></testsuites>